<?xml version="1.0" encoding="UTF-8"?>
<!-- Generated by org.testng.reporters.JUnitXMLReporter -->
<testsuite hostname="JANYPC" ignored="0" name="Free CRM App Test Cases" tests="16" failures="1" timestamp="2019-11-25T15:05:07 BDT" time="545.409" errors="0">
  <testcase name="landingPageTitleTest" time="0.014" classname="com.demo.qa.testCases.LogInPageTest"/>
  <testcase name="logoImageTest" time="0.143" classname="com.demo.qa.testCases.LogInPageTest"/>
  <testcase name="logInTest" time="16.654" classname="com.demo.qa.testCases.LogInPageTest"/>
  <testcase name="verifyHomePageTitleTest" time="15.983" classname="com.demo.qa.testCases.HomePageTest"/>
  <testcase name="verifyUserNameTest" time="22.837" classname="com.demo.qa.testCases.HomePageTest"/>
  <testcase name="verifyContactsLinkTest" time="22.391" classname="com.demo.qa.testCases.HomePageTest"/>
  <testcase name="verifyContactsPageLabel" time="22.483" classname="com.demo.qa.testCases.ContactPageTest"/>
  <testcase name="selectSingleContactsTest" time="33.379" classname="com.demo.qa.testCases.ContactPageTest">
    <skipped/>
  </testcase> <!-- selectSingleContactsTest -->
  <testcase name="selectSingleContactsTest" time="29.015" classname="com.demo.qa.testCases.ContactPageTest"/>
  <testcase name="verifyNewContactPageLabelTest" time="8.372" classname="com.demo.qa.testCases.ContactPageTest"/>
  <testcase name="createNewContactTest" time="65.486" classname="com.demo.qa.testCases.ContactPageTest">
    <skipped/>
  </testcase> <!-- createNewContactTest -->
  <testcase name="createNewContactTest" time="24.984" classname="com.demo.qa.testCases.ContactPageTest"/>
  <testcase name="createNewContactTest" time="26.008" classname="com.demo.qa.testCases.ContactPageTest">
    <skipped/>
  </testcase> <!-- createNewContactTest -->
  <testcase name="createNewContactTest" time="25.018" classname="com.demo.qa.testCases.ContactPageTest">
    <skipped/>
  </testcase> <!-- createNewContactTest -->
  <testcase name="createNewContactTest" time="25.266" classname="com.demo.qa.testCases.ContactPageTest">
    <skipped/>
  </testcase> <!-- createNewContactTest -->
  <testcase name="createNewContactTest" time="24.787" classname="com.demo.qa.testCases.ContactPageTest">
    <failure type="java.lang.AssertionError" message="no contact has been created did not expect to find [true] but found [false]">
      <![CDATA[java.lang.AssertionError: no contact has been created did not expect to find [true] but found [false]
at com.demo.qa.testCases.ContactPageTest.createNewContactTest(ContactPageTest.java:60)
at java.util.ArrayList.forEach(Unknown Source)
... Removed 30 stack frames]]>
    </failure>
  </testcase> <!-- createNewContactTest -->
</testsuite> <!-- Free CRM App Test Cases -->
